Unity Editor version:    2020.3.38f1 (8f5fde82e2dc)
Branch:                  2020.3/staging
Build type:              Release
Batch mode:              YES
System name:             Linux
Distro version:          #1 SMP PREEMPT Sat Oct 15 13:39:11 UTC 2022
Kernel version:          5.15.74-3-MANJARO
Architecture:            x86_64
Available memory:        7870 MB
Using pre-set license
Pro License: NO
Gtk-Message: 08:42:23.567: Failed to load module "xapp-gtk3-module"
Gtk-Message: 08:42:23.608: Failed to load module "canberra-gtk-module"
Gtk-Message: 08:42:23.608: Failed to load module "canberra-gtk-module"
Desktop is 1920 x 1080 @ 60 Hz

COMMAND LINE ARGUMENTS:
Unity
-adb2
-batchMode
-noUpm
-name
AssetImportWorker0
-projectPath
/run/media/max/EXT_SSD/LABS unity/UNITYprojectlab
-logFile
Logs/AssetImportWorker0.log
-srvPort
44631
Successfully changed project path to: /run/media/max/EXT_SSD/LABS unity/UNITYprojectlab
/run/media/max/EXT_SSD/LABS unity/UNITYprojectlab
Using Asset Import Pipeline V2.
Refreshing native plugins compatible for Editor in 46,03 ms, found 0 plugins.
Preloading 0 native plugins for Editor in 0,00 ms.
Initialize engine version: 2020.3.38f1 (8f5fde82e2dc)
[Subsystems] Discovering subsystems at path /home/max/Unity/Editors/2020.3.38f1/Editor/Data/Resources/UnitySubsystems
[Subsystems] Discovering subsystems at path /run/media/max/EXT_SSD/LABS unity/UNITYprojectlab/Assets
GLX Extensions: GLX_ARB_get_proc_address GLX_ARB_multisample GLX_EXT_visual_info GLX_EXT_visual_rating GLX_EXT_import_context GLX_SGI_video_sync GLX_SGIX_fbconfig GLX_SGIX_pbuffer GLX_SGI_swap_control GLX_EXT_swap_control GLX_EXT_swap_control_tear GLX_EXT_buffer_age GLX_ARB_create_context GLX_ARB_create_context_profile GLX_NV_float_buffer GLX_ARB_fbconfig_float GLX_EXT_texture_from_pixmap GLX_EXT_framebuffer_sRGB GLX_NV_copy_image GLX_EXT_create_context_es_profile GLX_EXT_create_context_es2_profile GLX_ARB_create_context_no_error GLX_ARB_create_context_robustness GLX_NV_delay_before_swap GLX_EXT_stereo_tree GLX_ARB_context_flush_control GLX_NV_robustness_video_memory_purge GLX_NV_multigpu_context 
Renderer: NVIDIA GeForce GTX 1660 SUPER/PCIe/SSE2
Vendor:   NVIDIA Corporation
Version:  4.5.0 NVIDIA 520.56.06
GLES:     0
 GL_AMD_multi_draw_indirect GL_AMD_seamless_cubemap_per_texture GL_AMD_vertex_shader_viewport_index GL_AMD_vertex_shader_layer GL_ARB_arrays_of_arrays GL_ARB_base_instance GL_ARB_bindless_texture GL_ARB_blend_func_extended GL_ARB_buffer_storage GL_ARB_clear_buffer_object GL_ARB_clear_texture GL_ARB_clip_control GL_ARB_color_buffer_float GL_ARB_compressed_texture_pixel_storage GL_ARB_conservative_depth GL_ARB_compute_shader GL_ARB_compute_variable_group_size GL_ARB_conditional_render_inverted GL_ARB_copy_buffer GL_ARB_copy_image GL_ARB_cull_distance GL_ARB_debug_output GL_ARB_depth_buffer_float GL_ARB_depth_clamp GL_ARB_depth_texture GL_ARB_derivative_control GL_ARB_direct_state_access GL_ARB_draw_buffers GL_ARB_draw_buffers_blend GL_ARB_draw_indirect GL_ARB_draw_elements_base_vertex GL_ARB_draw_instanced GL_ARB_enhanced_layouts GL_ARB_ES2_compatibility GL_ARB_ES3_compatibility GL_ARB_ES3_1_compatibility GL_ARB_ES3_2_compatibility GL_ARB_explicit_attrib_location GL_ARB_explicit_uniform_location GL_ARB_fragmen
t_coord_conventions GL_ARB_fragment_layer_viewport GL_ARB_fragment_program GL_ARB_fragment_program_shadow GL_ARB_fragment_shader GL_ARB_fragment_shader_interlock GL_ARB_framebuffer_no_attachments GL_ARB_framebuffer_object GL_ARB_framebuffer_sRGB GL_ARB_geometry_shader4 GL_ARB_get_program_binary GL_ARB_get_texture_sub_image GL_ARB_gl_spirv GL_ARB_gpu_shader5 GL_ARB_gpu_shader_fp64 GL_ARB_gpu_shader_int64 GL_ARB_half_float_pixel GL_ARB_half_float_vertex GL_ARB_imaging GL_ARB_indirect_parameters GL_ARB_instanced_arrays GL_ARB_internalformat_query GL_ARB_internalformat_query2 GL_ARB_invalidate_subdata GL_ARB_map_buffer_alignment GL_ARB_map_buffer_range GL_ARB_multi_bind GL_ARB_multi_draw_indirect GL_ARB_multisample GL_ARB_multitexture GL_ARB_occlusion_query GL_ARB_occlusion_query2 GL_ARB_parallel_shader_compile GL_ARB_pipeline_statistics_query GL_ARB_pixel_buffer_object GL_ARB_point_parameters GL_ARB_point_sprite GL_ARB_polygon_offset_clamp GL_ARB_post_depth_coverage GL_ARB_program_interface_query GL_ARB_provoki
ng_vertex GL_ARB_query_buffer_object GL_ARB_robust_buffer_access_behavior GL_ARB_robustness GL_ARB_sample_locations GL_ARB_sample_shading GL_ARB_sampler_objects GL_ARB_seamless_cube_map GL_ARB_seamless_cubemap_per_texture GL_ARB_separate_shader_objects GL_ARB_shader_atomic_counter_ops GL_ARB_shader_atomic_counters GL_ARB_shader_ballot GL_ARB_shader_bit_encoding GL_ARB_shader_clock GL_ARB_shader_draw_parameters GL_ARB_shader_group_vote GL_ARB_shader_image_load_store GL_ARB_shader_image_size GL_ARB_shader_objects GL_ARB_shader_precision GL_ARB_shader_storage_buffer_object GL_ARB_shader_subroutine GL_ARB_shader_texture_image_samples GL_ARB_shader_texture_lod GL_ARB_shading_language_100 GL_ARB_shader_viewport_layer_array GL_ARB_shading_language_420pack GL_ARB_shading_language_include GL_ARB_shading_language_packing GL_ARB_shadow GL_ARB_sparse_buffer GL_ARB_sparse_texture GL_ARB_sparse_texture2 GL_ARB_sparse_texture_clamp GL_ARB_spirv_extensions GL_ARB_stencil_texturing GL_ARB_sync GL_ARB_tessellation_shader GL_A
RB_texture_barrier GL_ARB_texture_border_clamp GL_ARB_texture_buffer_object GL_ARB_texture_buffer_object_rgb32 GL_ARB_texture_buffer_range GL_ARB_texture_compression GL_ARB_texture_compression_bptc GL_ARB_texture_compression_rgtc GL_ARB_texture_cube_map GL_ARB_texture_cube_map_array GL_ARB_texture_env_add GL_ARB_texture_env_combine GL_ARB_texture_env_crossbar GL_ARB_texture_env_dot3 GL_ARB_texture_filter_anisotropic GL_ARB_texture_filter_minmax GL_ARB_texture_float GL_ARB_texture_gather GL_ARB_texture_mirror_clamp_to_edge GL_ARB_texture_mirrored_repeat GL_ARB_texture_multisample GL_ARB_texture_non_power_of_two GL_ARB_texture_query_levels GL_ARB_texture_query_lod GL_ARB_texture_rectangle GL_ARB_texture_rg GL_ARB_texture_rgb10_a2ui GL_ARB_texture_stencil8 GL_ARB_texture_storage GL_ARB_texture_storage_multisample GL_ARB_texture_swizzle GL_ARB_texture_view GL_ARB_timer_query GL_ARB_transform_feedback2 GL_ARB_transform_feedback3 GL_ARB_transform_feedback_instanced GL_ARB_transform_feedback_overflow_query GL_ARB_t
ranspose_matrix GL_ARB_uniform_buffer_object GL_ARB_vertex_array_bgra GL_ARB_vertex_array_object GL_ARB_vertex_attrib_64bit GL_ARB_vertex_attrib_binding GL_ARB_vertex_buffer_object GL_ARB_vertex_program GL_ARB_vertex_shader GL_ARB_vertex_type_10f_11f_11f_rev GL_ARB_vertex_type_2_10_10_10_rev GL_ARB_viewport_array GL_ARB_window_pos GL_ATI_draw_buffers GL_ATI_texture_float GL_ATI_texture_mirror_once GL_S3_s3tc GL_EXT_texture_env_add GL_EXT_abgr GL_EXT_bgra GL_EXT_bindable_uniform GL_EXT_blend_color GL_EXT_blend_equation_separate GL_EXT_blend_func_separate GL_EXT_blend_minmax GL_EXT_blend_subtract GL_EXT_compiled_vertex_array GL_EXT_Cg_shader GL_EXT_depth_bounds_test GL_EXT_direct_state_access GL_EXT_draw_buffers2 GL_EXT_draw_instanced GL_EXT_draw_range_elements GL_EXT_fog_coord GL_EXT_framebuffer_blit GL_EXT_framebuffer_multisample GL_EXTX_framebuffer_mixed_formats GL_EXT_framebuffer_multisample_blit_scaled GL_EXT_framebuffer_object GL_EXT_framebuffer_sRGB GL_EXT_geometry_shader4 GL_EXT_gpu_program_parameters 
GL_EXT_gpu_shader4 GL_EXT_multi_draw_arrays GL_EXT_multiview_texture_multisample GL_EXT_multiview_timer_query GL_EXT_packed_depth_stencil GL_EXT_packed_float GL_EXT_packed_pixels GL_EXT_pixel_buffer_object GL_EXT_point_parameters GL_EXT_polygon_offset_clamp GL_EXT_post_depth_coverage GL_EXT_provoking_vertex GL_EXT_raster_multisample GL_EXT_rescale_normal GL_EXT_secondary_color GL_EXT_separate_shader_objects GL_EXT_separate_specular_color GL_EXT_shader_image_load_formatted GL_EXT_shader_image_load_store GL_EXT_shader_integer_mix GL_EXT_shadow_funcs GL_EXT_sparse_texture2 GL_EXT_stencil_two_side GL_EXT_stencil_wrap GL_EXT_texture3D GL_EXT_texture_array GL_EXT_texture_buffer_object GL_EXT_texture_compression_dxt1 GL_EXT_texture_compression_latc GL_EXT_texture_compression_rgtc GL_EXT_texture_compression_s3tc GL_EXT_texture_cube_map GL_EXT_texture_edge_clamp GL_EXT_texture_env_combine GL_EXT_texture_env_dot3 GL_EXT_texture_filter_anisotropic GL_EXT_texture_filter_minmax GL_EXT_texture_integer GL_EXT_texture_lod G
L_EXT_texture_lod_bias GL_EXT_texture_mirror_clamp GL_EXT_texture_object GL_EXT_texture_shadow_lod GL_EXT_texture_shared_exponent GL_EXT_texture_sRGB GL_EXT_texture_sRGB_R8 GL_EXT_texture_sRGB_decode GL_EXT_texture_storage GL_EXT_texture_swizzle GL_EXT_timer_query GL_EXT_transform_feedback2 GL_EXT_vertex_array GL_EXT_vertex_array_bgra GL_EXT_vertex_attrib_64bit GL_EXT_window_rectangles GL_EXT_x11_sync_object GL_EXT_import_sync_object GL_NV_robustness_video_memory_purge GL_IBM_rasterpos_clip GL_IBM_texture_mirrored_repeat GL_KHR_context_flush_control GL_KHR_debug GL_EXT_memory_object GL_EXT_memory_object_fd GL_NV_memory_object_sparse GL_KHR_parallel_shader_compile GL_KHR_no_error GL_KHR_robust_buffer_access_behavior GL_KHR_robustness GL_EXT_semaphore GL_EXT_semaphore_fd GL_NV_timeline_semaphore GL_KHR_shader_subgroup GL_KTX_buffer_region GL_NV_alpha_to_coverage_dither_control GL_NV_bindless_multi_draw_indirect GL_NV_bindless_multi_draw_indirect_count GL_NV_bindless_texture GL_NV_blend_equation_advanced GL_NV_
blend_equation_advanced_coherent GL_NVX_blend_equation_advanced_multi_draw_buffers GL_NV_blend_minmax_factor GL_NV_blend_square GL_NV_clip_space_w_scaling GL_NV_command_list GL_NV_compute_program5 GL_NV_compute_shader_derivatives GL_NV_conditional_render GL_NV_conservative_raster GL_NV_conservative_raster_dilate GL_NV_conservative_raster_pre_snap GL_NV_conservative_raster_pre_snap_triangles GL_NV_conservative_raster_underestimation GL_NV_copy_depth_to_color GL_NV_copy_image GL_NV_depth_buffer_float GL_NV_depth_clamp GL_NV_draw_texture GL_NV_draw_vulkan_image GL_NV_ES1_1_compatibility GL_NV_ES3_1_compatibility GL_NV_explicit_multisample GL_NV_feature_query GL_NV_fence GL_NV_fill_rectangle GL_NV_float_buffer GL_NV_fog_distance GL_NV_fragment_coverage_to_color GL_NV_fragment_program GL_NV_fragment_program_option GL_NV_fragment_program2 GL_NV_fragment_shader_barycentric GL_NV_fragment_shader_interlock GL_NV_framebuffer_mixed_samples GL_NV_framebuffer_multisample_coverage GL_NV_geometry_shader4 GL_NV_geometry_sha
der_passthrough GL_NV_gpu_program4 GL_NV_internalformat_sample_query GL_NV_gpu_program4_1 GL_NV_gpu_program5 GL_NV_gpu_program5_mem_extended GL_NV_gpu_program_fp64 GL_NV_gpu_shader5 GL_NV_half_float GL_NV_light_max_exponent GL_NV_memory_attachment GL_NV_mesh_shader GL_NV_multisample_coverage GL_NV_multisample_filter_hint GL_NV_occlusion_query GL_NV_packed_depth_stencil GL_NV_parameter_buffer_object GL_NV_parameter_buffer_object2 GL_NV_path_rendering GL_NV_path_rendering_shared_edge GL_NV_pixel_data_range GL_NV_point_sprite GL_NV_primitive_restart GL_NV_query_resource GL_NV_query_resource_tag GL_NV_register_combiners GL_NV_register_combiners2 GL_NV_representative_fragment_test GL_NV_sample_locations GL_NV_sample_mask_override_coverage GL_NV_scissor_exclusive GL_NV_shader_atomic_counters GL_NV_shader_atomic_float GL_NV_shader_atomic_float64 GL_NV_shader_atomic_fp16_vector GL_NV_shader_atomic_int64 GL_NV_shader_buffer_load GL_NV_shader_storage_buffer_object GL_NV_shader_subgroup_partitioned GL_NV_shader_texture
_footprint GL_NV_shading_rate_image GL_NV_stereo_view_rendering GL_NV_texgen_reflection GL_NV_texture_barrier GL_NV_texture_compression_vtc GL_NV_texture_env_combine4 GL_NV_texture_multisample GL_NV_texture_rectangle GL_NV_texture_rectangle_compressed GL_NV_texture_shader GL_NV_texture_shader2 GL_NV_texture_shader3 GL_NV_transform_feedback GL_NV_transform_feedback2 GL_NV_uniform_buffer_unified_memory GL_NV_vdpau_interop GL_NV_vdpau_interop2 GL_NV_vertex_array_range GL_NV_vertex_array_range2 GL_NV_vertex_attrib_integer_64bit GL_NV_vertex_buffer_unified_memory GL_NV_vertex_program GL_NV_vertex_program1_1 GL_NV_vertex_program2 GL_NV_vertex_program2_option GL_NV_vertex_program3 GL_NV_viewport_array2 GL_NV_viewport_swizzle GL_NVX_conditional_render GL_NV_gpu_multicast GL_NVX_progress_fence GL_NVX_gpu_memory_info GL_NVX_nvenc_interop GL_NV_shader_thread_group GL_NV_shader_thread_shuffle GL_KHR_blend_equation_advanced GL_KHR_blend_equation_advanced_coherent GL_OVR_multiview GL_OVR_multiview2 GL_SGIS_generate_mipmap
 GL_SGIS_texture_lod GL_SGIX_depth_texture GL_SGIX_shadow GL_SUN_slice_accum
OPENGL LOG: Creating OpenGL 4.5 graphics device ; Context level  <OpenGL 4.5> ; Context handle 1918901192
Initialize mono
Mono path[0] = '/home/max/Unity/Editors/2020.3.38f1/Editor/Data/Managed'
Mono path[1] = '/home/max/Unity/Editors/2020.3.38f1/Editor/Data/MonoBleedingEdge/lib/mono/unityjit'
Mono config path = '/home/max/Unity/Editors/2020.3.38f1/Editor/Data/MonoBleedingEdge/etc'
Using monoOptions --debugger-agent=transport=dt_socket,embedding=1,server=y,suspend=n,address=127.0.0.1:56327
Begin MonoManager ReloadAssembly
Registering precompiled unity dll's ...
Register platform support module: /home/max/Unity/Editors/2020.3.38f1/Editor/Data/PlaybackEngines/WebGLSupport/UnityEditor.WebGL.Extensions.dll
Register platform support module: /home/max/Unity/Editors/2020.3.38f1/Editor/Data/PlaybackEngines/MacStandaloneSupport/UnityEditor.OSXStandalone.Extensions.dll
Register platform support module: /home/max/Unity/Editors/2020.3.38f1/Editor/Data/PlaybackEngines/WindowsStandaloneSupport/UnityEditor.WindowsStandalone.Extensions.dll
Register platform support module: /home/max/Unity/Editors/2020.3.38f1/Editor/Data/PlaybackEngines/LinuxStandaloneSupport/UnityEditor.LinuxStandalone.Extensions.dll
Registered in 0,002199 seconds.
Native extension for LinuxStandalone target not found
Native extension for WindowsStandalone target not found
Native extension for OSXStandalone target not found
Native extension for WebGL target not found
Refreshing native plugins compatible for Editor in 41,12 ms, found 0 plugins.
Preloading 0 native plugins for Editor in 0,00 ms.
Mono: successfully reloaded assembly
- Completed reload, in  0,729 seconds
Domain Reload Profiling:
	ReloadAssembly (729ms)
		BeginReloadAssembly (68ms)
			ExecutionOrderSort (0ms)
			DisableScriptedObjects (0ms)
			BackupInstance (0ms)
			ReleaseScriptingObjects (0ms)
			CreateAndSetChildDomain (1ms)
		EndReloadAssembly (573ms)
			LoadAssemblies (66ms)
			RebuildTransferFunctionScriptingTraits (0ms)
			SetupTypeCache (196ms)
			ReleaseScriptCaches (0ms)
			RebuildScriptCaches (45ms)
			SetupLoadedEditorAssemblies (217ms)
				LogAssemblyErrors (0ms)
				InitializePlatformSupportModulesInManaged (8ms)
				SetLoadedEditorAssemblies (0ms)
				RefreshPlugins (41ms)
				BeforeProcessingInitializeOnLoad (11ms)
				ProcessInitializeOnLoadAttributes (121ms)
				ProcessInitializeOnLoadMethodAttributes (36ms)
				AfterProcessingInitializeOnLoad (0ms)
				EditorAssembliesLoaded (0ms)
			ExecutionOrderSort2 (0ms)
			AwakeInstancesAfterBackupRestoration (0ms)
Platform modules already initialized, skipping
Registering precompiled user dll's ...
Registered in 0,003526 seconds.
Begin MonoManager ReloadAssembly
Native extension for LinuxStandalone target not found
Native extension for WindowsStandalone target not found
Native extension for OSXStandalone target not found
Native extension for WebGL target not found
Refreshing native plugins compatible for Editor in 0,45 ms, found 0 plugins.
Preloading 0 native plugins for Editor in 0,00 ms.
Loading style catalogs (6)
	StyleSheets/Extensions/base/common.uss
	UIPackageResources/StyleSheets/Default/Variables/Public/common.uss
	StyleSheets/Northstar/common.uss
	StyleSheets/Extensions/fonts/inter.uss
	StyleSheets/Extensions/base/dark.uss
	UIPackageResources/StyleSheets/Default/Northstar/Palette/dark.uss
Mono: successfully reloaded assembly
- Completed reload, in  1,509 seconds
Domain Reload Profiling:
	ReloadAssembly (1510ms)
		BeginReloadAssembly (171ms)
			ExecutionOrderSort (0ms)
			DisableScriptedObjects (7ms)
			BackupInstance (0ms)
			ReleaseScriptingObjects (0ms)
			CreateAndSetChildDomain (23ms)
		EndReloadAssembly (1263ms)
			LoadAssemblies (104ms)
			RebuildTransferFunctionScriptingTraits (0ms)
			SetupTypeCache (360ms)
			ReleaseScriptCaches (1ms)
			RebuildScriptCaches (64ms)
			SetupLoadedEditorAssemblies (619ms)
				LogAssemblyErrors (0ms)
				InitializePlatformSupportModulesInManaged (8ms)
				SetLoadedEditorAssemblies (1ms)
				RefreshPlugins (0ms)
				BeforeProcessingInitializeOnLoad (90ms)
				ProcessInitializeOnLoadAttributes (470ms)
				ProcessInitializeOnLoadMethodAttributes (44ms)
				AfterProcessingInitializeOnLoad (4ms)
				EditorAssembliesLoaded (0ms)
			ExecutionOrderSort2 (0ms)
			AwakeInstancesAfterBackupRestoration (2ms)
Platform modules already initialized, skipping
========================================================================
Worker process is ready to serve import requests
Launched and connected shader compiler UnityShaderCompiler after 0.01 seconds
Refreshing native plugins compatible for Editor in 0,40 ms, found 0 plugins.
Preloading 0 native plugins for Editor in 0,00 ms.
Unloading 1602 Unused Serialized files (Serialized files now loaded: 0)
System memory in use before: 71,2 MB.
System memory in use after: 71,2 MB.

Unloading 16 unused Assets to reduce memory usage. Loaded Objects now: 2052.
Total: 7,655247 ms (FindLiveObjects: 0,165080 ms CreateObjectMapping: 0,082034 ms MarkObjects: 7,251098 ms  DeleteObjects: 0,156193 ms)

AssetImportParameters requested are different than current active one (requested -> active):
  custom:video-decoder-ogg-theora: a1e56fd34408186e4bbccfd4996cb3dc -> 
  custom:container-muxer-webm: aa71ff27fc2769a1b78a27578f13a17b -> 
  custom:container-demuxer-webm: 4f35f7cbe854078d1ac9338744f61a02 -> 
  custom:container-demuxer-ogg: 62fdf1f143b41e24485cea50d1cbac27 -> 
  custom:video-encoder-webm-vp8: eb34c28f22e8b96e1ab97ce403110664 -> 
  custom:video-decoder-webm-vp8: 9c59270c3fd7afecdb556c50c9e8de78 -> 
  custom:audio-decoder-ogg-vorbis: bf7c407c2cedff20999df2af8eb42d56 -> 
  custom:audio-encoder-webm-vorbis: bf7c407c2cedff20999df2af8eb42d56 -> 
========================================================================
Received Import Request.
  path: Assets/Products/Beaf.fbx
  artifactKey: Guid(06c885215341224bc8279c510b11cc0b) Importer(815301076,1909f56bfc062723c751e8b465ee728b)
Start importing Assets/Products/Beaf.fbx using Guid(06c885215341224bc8279c510b11cc0b) Importer(815301076,1909f56bfc062723c751e8b465ee728b)  -> (artifact id: 'c5fe8faccc790aee5119a2ff5c7ec458') in 0,119024 seconds 
========================================================================
Received Import Request.
  Time since last request: 2,912454 seconds.
  path: Assets/Products/fructs.fbx
  artifactKey: Guid(1267daa9401f3c3e4a4aab23fa020871) Importer(815301076,1909f56bfc062723c751e8b465ee728b)
Start importing Assets/Products/fructs.fbx using Guid(1267daa9401f3c3e4a4aab23fa020871) Importer(815301076,1909f56bfc062723c751e8b465ee728b)  -> (artifact id: '3a5c016618ebe2bbf0089c667064d244') in 0,101803 seconds 
========================================================================
Received Import Request.
  Time since last request: 6,685579 seconds.
  path: Assets/Products/fructs.fbx
  artifactKey: Guid(1267daa9401f3c3e4a4aab23fa020871) Importer(815301076,1909f56bfc062723c751e8b465ee728b)
Start importing Assets/Products/fructs.fbx using Guid(1267daa9401f3c3e4a4aab23fa020871) Importer(815301076,1909f56bfc062723c751e8b465ee728b)  -> (artifact id: '421e565001935019aeeb8588c3d0630a') in 0,145699 seconds 
========================================================================
Received Import Request.
  Time since last request: 15,859157 seconds.
  path: Assets/Products/Beaf.fbx
  artifactKey: Guid(06c885215341224bc8279c510b11cc0b) Importer(815301076,1909f56bfc062723c751e8b465ee728b)
Start importing Assets/Products/Beaf.fbx using Guid(06c885215341224bc8279c510b11cc0b) Importer(815301076,1909f56bfc062723c751e8b465ee728b)  -> (artifact id: '02bb3134a3bf6ab6da80335968de1be1') in 0,034462 seconds 
========================================================================
Received Import Request.
  Time since last request: 1071,368262 seconds.
  path: Assets/Products/Beaf.fbx
  artifactKey: Guid(06c885215341224bc8279c510b11cc0b) Importer(815301076,1909f56bfc062723c751e8b465ee728b)
Start importing Assets/Products/Beaf.fbx using Guid(06c885215341224bc8279c510b11cc0b) Importer(815301076,1909f56bfc062723c751e8b465ee728b)  -> (artifact id: '988c721cb2021c0c9e89cf6c53a92c22') in 0,037957 seconds 
========================================================================
Received Import Request.
  Time since last request: 57,982539 seconds.
  path: Assets/Products/Chicken.fbx
  artifactKey: Guid(540b12668038602c692d30c97b1129c4) Importer(815301076,1909f56bfc062723c751e8b465ee728b)
Start importing Assets/Products/Chicken.fbx using Guid(540b12668038602c692d30c97b1129c4) Importer(815301076,1909f56bfc062723c751e8b465ee728b)  -> (artifact id: 'd791c1cbb3c2f61fe7361b3bfd4c7f8f') in 0,046260 seconds 
========================================================================
Received Import Request.
  Time since last request: 12,460364 seconds.
  path: Assets/Products/Chicken.fbx
  artifactKey: Guid(540b12668038602c692d30c97b1129c4) Importer(815301076,1909f56bfc062723c751e8b465ee728b)
Start importing Assets/Products/Chicken.fbx using Guid(540b12668038602c692d30c97b1129c4) Importer(815301076,1909f56bfc062723c751e8b465ee728b)  -> (artifact id: '67ac487792ec763987dac0475568312e') in 0,031397 seconds 
========================================================================
Received Import Request.
  Time since last request: 2,443848 seconds.
  path: Assets/Products/Fish01.fbx
  artifactKey: Guid(8f32a5728daf2b1da9113a350fda06f8) Importer(815301076,1909f56bfc062723c751e8b465ee728b)
Start importing Assets/Products/Fish01.fbx using Guid(8f32a5728daf2b1da9113a350fda06f8) Importer(815301076,1909f56bfc062723c751e8b465ee728b)  -> (artifact id: '73b46a8c430f896fcab7d8adfec7d2ec') in 0,054168 seconds 
========================================================================
Received Import Request.
  Time since last request: 10,688483 seconds.
  path: Assets/Products/Fish01.fbx
  artifactKey: Guid(8f32a5728daf2b1da9113a350fda06f8) Importer(815301076,1909f56bfc062723c751e8b465ee728b)
Start importing Assets/Products/Fish01.fbx using Guid(8f32a5728daf2b1da9113a350fda06f8) Importer(815301076,1909f56bfc062723c751e8b465ee728b)  -> (artifact id: 'be3b584bd4936b3e32535febcca93e44') in 0,036102 seconds 
========================================================================
Received Import Request.
  Time since last request: 1,100067 seconds.
  path: Assets/Products/Fish02.fbx
  artifactKey: Guid(70a13d97fdb41ff3ab2a594753e801ef) Importer(815301076,1909f56bfc062723c751e8b465ee728b)
Start importing Assets/Products/Fish02.fbx using Guid(70a13d97fdb41ff3ab2a594753e801ef) Importer(815301076,1909f56bfc062723c751e8b465ee728b)  -> (artifact id: '1f6cec3e6a3be10573614f0aa2b7ba32') in 0,041871 seconds 
========================================================================
Received Import Request.
  Time since last request: 3,636169 seconds.
  path: Assets/Products/Fish02.fbx
  artifactKey: Guid(70a13d97fdb41ff3ab2a594753e801ef) Importer(815301076,1909f56bfc062723c751e8b465ee728b)
Start importing Assets/Products/Fish02.fbx using Guid(70a13d97fdb41ff3ab2a594753e801ef) Importer(815301076,1909f56bfc062723c751e8b465ee728b)  -> (artifact id: '296327e37f8be642ddde5dfb08a5b635') in 0,031052 seconds 
========================================================================
Received Import Request.
  Time since last request: 1,217882 seconds.
  path: Assets/Products/Fish03.fbx
  artifactKey: Guid(2d0b2ff104fa8eaa59e47b370770ca90) Importer(815301076,1909f56bfc062723c751e8b465ee728b)
Start importing Assets/Products/Fish03.fbx using Guid(2d0b2ff104fa8eaa59e47b370770ca90) Importer(815301076,1909f56bfc062723c751e8b465ee728b)  -> (artifact id: 'e17429d9d1a9014533155d9948349bc3') in 0,056680 seconds 
========================================================================
Received Import Request.
  Time since last request: 3,041143 seconds.
  path: Assets/Products/Fish03.fbx
  artifactKey: Guid(2d0b2ff104fa8eaa59e47b370770ca90) Importer(815301076,1909f56bfc062723c751e8b465ee728b)
Start importing Assets/Products/Fish03.fbx using Guid(2d0b2ff104fa8eaa59e47b370770ca90) Importer(815301076,1909f56bfc062723c751e8b465ee728b)  -> (artifact id: '41b1232ce48db819dfe3660a336ab81f') in 0,034342 seconds 
========================================================================
Received Import Request.
  Time since last request: 2,828268 seconds.
  path: Assets/Products/FishMeat01.fbx
  artifactKey: Guid(7b25253823f7f2c64835125a7175fdcc) Importer(815301076,1909f56bfc062723c751e8b465ee728b)
Start importing Assets/Products/FishMeat01.fbx using Guid(7b25253823f7f2c64835125a7175fdcc) Importer(815301076,1909f56bfc062723c751e8b465ee728b)  -> (artifact id: '0df7f1d35c547786eb5602951f3a7c46') in 0,044948 seconds 
========================================================================
Received Import Request.
  Time since last request: 4,392177 seconds.
  path: Assets/Products/FishMeat01.fbx
  artifactKey: Guid(7b25253823f7f2c64835125a7175fdcc) Importer(815301076,1909f56bfc062723c751e8b465ee728b)
Start importing Assets/Products/FishMeat01.fbx using Guid(7b25253823f7f2c64835125a7175fdcc) Importer(815301076,1909f56bfc062723c751e8b465ee728b)  -> (artifact id: '6a5e896c71b457ed21e72c5fb10d320f') in 0,036232 seconds 
========================================================================
Received Import Request.
  Time since last request: 1,424196 seconds.
  path: Assets/Products/FishMeat02.fbx
  artifactKey: Guid(1d3690ddda148cac3809cd560841d835) Importer(815301076,1909f56bfc062723c751e8b465ee728b)
Start importing Assets/Products/FishMeat02.fbx using Guid(1d3690ddda148cac3809cd560841d835) Importer(815301076,1909f56bfc062723c751e8b465ee728b)  -> (artifact id: 'f9c7cefeb25bf552d1a29ecc01a707b3') in 0,042593 seconds 
========================================================================
Received Import Request.
  Time since last request: 2,954893 seconds.
  path: Assets/Products/FishMeat02.fbx
  artifactKey: Guid(1d3690ddda148cac3809cd560841d835) Importer(815301076,1909f56bfc062723c751e8b465ee728b)
Start importing Assets/Products/FishMeat02.fbx using Guid(1d3690ddda148cac3809cd560841d835) Importer(815301076,1909f56bfc062723c751e8b465ee728b)  -> (artifact id: '1b64739e68ed2ee34d98aa790628a2f9') in 0,029821 seconds 
========================================================================
Received Import Request.
  Time since last request: 1,945107 seconds.
  path: Assets/Products/FishMeat03.fbx
  artifactKey: Guid(bc2ec05cee6114d4d8dca9cca09e887f) Importer(815301076,1909f56bfc062723c751e8b465ee728b)
Start importing Assets/Products/FishMeat03.fbx using Guid(bc2ec05cee6114d4d8dca9cca09e887f) Importer(815301076,1909f56bfc062723c751e8b465ee728b)  -> (artifact id: 'fc12b52bb55e433a7f284f269c75f3ab') in 0,041479 seconds 
========================================================================
Received Import Request.
  Time since last request: 3,419327 seconds.
  path: Assets/Products/FishMeat03.fbx
  artifactKey: Guid(bc2ec05cee6114d4d8dca9cca09e887f) Importer(815301076,1909f56bfc062723c751e8b465ee728b)
Start importing Assets/Products/FishMeat03.fbx using Guid(bc2ec05cee6114d4d8dca9cca09e887f) Importer(815301076,1909f56bfc062723c751e8b465ee728b)  -> (artifact id: '531201fa571676d6b8dd254fb945ed68') in 0,035434 seconds 
========================================================================
Received Import Request.
  Time since last request: 1,783196 seconds.
  path: Assets/Products/PorkMeat01.fbx
  artifactKey: Guid(a87503554adc3801c989b6a02e0eb1ab) Importer(815301076,1909f56bfc062723c751e8b465ee728b)
Start importing Assets/Products/PorkMeat01.fbx using Guid(a87503554adc3801c989b6a02e0eb1ab) Importer(815301076,1909f56bfc062723c751e8b465ee728b)  -> (artifact id: 'd6a458a13e6dfaf3f4bc256197c6bac1') in 0,041675 seconds 
========================================================================
Received Import Request.
  Time since last request: 3,648446 seconds.
  path: Assets/Products/PorkMeat01.fbx
  artifactKey: Guid(a87503554adc3801c989b6a02e0eb1ab) Importer(815301076,1909f56bfc062723c751e8b465ee728b)
Start importing Assets/Products/PorkMeat01.fbx using Guid(a87503554adc3801c989b6a02e0eb1ab) Importer(815301076,1909f56bfc062723c751e8b465ee728b)  -> (artifact id: '19757914121b109ca20fd959d4b6b5f1') in 0,035451 seconds 
========================================================================
Received Import Request.
  Time since last request: 1,301902 seconds.
  path: Assets/Products/Shrimp.fbx
  artifactKey: Guid(c2c704d6dc270a36d9dad55346744205) Importer(815301076,1909f56bfc062723c751e8b465ee728b)
Start importing Assets/Products/Shrimp.fbx using Guid(c2c704d6dc270a36d9dad55346744205) Importer(815301076,1909f56bfc062723c751e8b465ee728b)  -> (artifact id: '406f37a14f98afbce0b36599fda9e384') in 0,038098 seconds 
========================================================================
Received Import Request.
  Time since last request: 3,278879 seconds.
  path: Assets/Products/Shrimp.fbx
  artifactKey: Guid(c2c704d6dc270a36d9dad55346744205) Importer(815301076,1909f56bfc062723c751e8b465ee728b)
Start importing Assets/Products/Shrimp.fbx using Guid(c2c704d6dc270a36d9dad55346744205) Importer(815301076,1909f56bfc062723c751e8b465ee728b)  -> (artifact id: '1c3c70f0c7a96914a266aae75e83377b') in 0,035279 seconds 
========================================================================
Received Import Request.
  Time since last request: 1127,183255 seconds.
  path: Assets/Products/Prefabs/Мясо/Shrimp.prefab
  artifactKey: Guid(f65f3a6e40cbf8b38b129bcb70d1ba49) Importer(815301076,1909f56bfc062723c751e8b465ee728b)
Start importing Assets/Products/Prefabs/Мясо/Shrimp.prefab using Guid(f65f3a6e40cbf8b38b129bcb70d1ba49) Importer(815301076,1909f56bfc062723c751e8b465ee728b)  -> (artifact id: '7e23dba0cdcff8f40633e857d367da65') in 0,028705 seconds 
========================================================================
Received Import Request.
  Time since last request: 3,268667 seconds.
  path: Assets/Products/Prefabs/Мясо/PorkMeat01.prefab
  artifactKey: Guid(65b124abc0cac8a2abda6a2d7675c288) Importer(815301076,1909f56bfc062723c751e8b465ee728b)
Start importing Assets/Products/Prefabs/Мясо/PorkMeat01.prefab using Guid(65b124abc0cac8a2abda6a2d7675c288) Importer(815301076,1909f56bfc062723c751e8b465ee728b)  -> (artifact id: 'ca8595714675ceecad22ac7528a99f80') in 0,020432 seconds 
========================================================================
Received Import Request.
  Time since last request: 2,510202 seconds.
  path: Assets/Products/Prefabs/Мясо/FishMeat03.prefab
  artifactKey: Guid(3b38717be787c7bd0bd66902b11f8002) Importer(815301076,1909f56bfc062723c751e8b465ee728b)
Start importing Assets/Products/Prefabs/Мясо/FishMeat03.prefab using Guid(3b38717be787c7bd0bd66902b11f8002) Importer(815301076,1909f56bfc062723c751e8b465ee728b)  -> (artifact id: 'c34c56231338b134351f2580ca4422df') in 0,023270 seconds 
========================================================================
Received Import Request.
  Time since last request: 2,549681 seconds.
  path: Assets/Products/Prefabs/Мясо/FishMeat02.prefab
  artifactKey: Guid(90b98ed8561424d7d930c695f144fe29) Importer(815301076,1909f56bfc062723c751e8b465ee728b)
Start importing Assets/Products/Prefabs/Мясо/FishMeat02.prefab using Guid(90b98ed8561424d7d930c695f144fe29) Importer(815301076,1909f56bfc062723c751e8b465ee728b)  -> (artifact id: '0cc2ccccf5feff7657e9d84fa44ec7f9') in 0,021352 seconds 
========================================================================
Received Import Request.
  Time since last request: 2,391828 seconds.
  path: Assets/Products/Prefabs/Мясо/FishMeat01.prefab
  artifactKey: Guid(0b25f51929a7f097db73bcf15909be82) Importer(815301076,1909f56bfc062723c751e8b465ee728b)
Start importing Assets/Products/Prefabs/Мясо/FishMeat01.prefab using Guid(0b25f51929a7f097db73bcf15909be82) Importer(815301076,1909f56bfc062723c751e8b465ee728b)  -> (artifact id: '723ae30e75ac1fcf9c651ef02a232f5c') in 0,023990 seconds 
========================================================================
Received Import Request.
  Time since last request: 3,094748 seconds.
  path: Assets/Products/Prefabs/Мясо/Fish03.prefab
  artifactKey: Guid(53ab4089d3724d123b8814fea196af0e) Importer(815301076,1909f56bfc062723c751e8b465ee728b)
Start importing Assets/Products/Prefabs/Мясо/Fish03.prefab using Guid(53ab4089d3724d123b8814fea196af0e) Importer(815301076,1909f56bfc062723c751e8b465ee728b)  -> (artifact id: '7e5bd230c1586e1ecf7a7f3cf09416a4') in 0,021248 seconds 
========================================================================
Received Import Request.
  Time since last request: 2,339494 seconds.
  path: Assets/Products/Prefabs/Мясо/Fish02.prefab
  artifactKey: Guid(463b14d729675cb26a2476096803d794) Importer(815301076,1909f56bfc062723c751e8b465ee728b)
Start importing Assets/Products/Prefabs/Мясо/Fish02.prefab using Guid(463b14d729675cb26a2476096803d794) Importer(815301076,1909f56bfc062723c751e8b465ee728b)  -> (artifact id: '3a83b3e7bf0e54e44ef591ac54470707') in 0,021644 seconds 
========================================================================
Received Import Request.
  Time since last request: 2,419412 seconds.
  path: Assets/Products/Prefabs/Мясо/Fish01.prefab
  artifactKey: Guid(dbc64004b7bab6631ad3674eb503ac3f) Importer(815301076,1909f56bfc062723c751e8b465ee728b)
Start importing Assets/Products/Prefabs/Мясо/Fish01.prefab using Guid(dbc64004b7bab6631ad3674eb503ac3f) Importer(815301076,1909f56bfc062723c751e8b465ee728b)  -> (artifact id: '87dea2e518b53b7f1eea63ef101120d8') in 0,021865 seconds 
========================================================================
Received Import Request.
  Time since last request: 2,352064 seconds.
  path: Assets/Products/Prefabs/Мясо/Chicken.prefab
  artifactKey: Guid(a6cdeb915257e7951b635b50b22f3345) Importer(815301076,1909f56bfc062723c751e8b465ee728b)
Start importing Assets/Products/Prefabs/Мясо/Chicken.prefab using Guid(a6cdeb915257e7951b635b50b22f3345) Importer(815301076,1909f56bfc062723c751e8b465ee728b)  -> (artifact id: 'd24932d75dabfd9d1a5d33b7c98dabde') in 0,022146 seconds 
========================================================================
Received Import Request.
  Time since last request: 2,795541 seconds.
  path: Assets/Products/Prefabs/Мясо/Beaf.prefab
  artifactKey: Guid(6a857f3e475e70834809ffc3648b101f) Importer(815301076,1909f56bfc062723c751e8b465ee728b)
Start importing Assets/Products/Prefabs/Мясо/Beaf.prefab using Guid(6a857f3e475e70834809ffc3648b101f) Importer(815301076,1909f56bfc062723c751e8b465ee728b)  -> (artifact id: '031f52f12d98773f0bde0193d1c52d5f') in 0,020241 seconds 
========================================================================
Received Prepare
Registering precompiled user dll's ...
Registered in 0,003472 seconds.
Begin MonoManager ReloadAssembly
Native extension for LinuxStandalone target not found
Native extension for WindowsStandalone target not found
Native extension for OSXStandalone target not found
Native extension for WebGL target not found
Refreshing native plugins compatible for Editor in 1,01 ms, found 0 plugins.
Preloading 0 native plugins for Editor in 0,00 ms.
Loading style catalogs (6)
	StyleSheets/Extensions/base/common.uss
	UIPackageResources/StyleSheets/Default/Variables/Public/common.uss
	StyleSheets/Northstar/common.uss
	StyleSheets/Extensions/fonts/inter.uss
	StyleSheets/Extensions/base/dark.uss
	UIPackageResources/StyleSheets/Default/Northstar/Palette/dark.uss
Mono: successfully reloaded assembly
- Completed reload, in  1,646 seconds
Domain Reload Profiling:
	ReloadAssembly (1646ms)
		BeginReloadAssembly (168ms)
			ExecutionOrderSort (0ms)
			DisableScriptedObjects (6ms)
			BackupInstance (0ms)
			ReleaseScriptingObjects (0ms)
			CreateAndSetChildDomain (60ms)
		EndReloadAssembly (1389ms)
			LoadAssemblies (133ms)
			RebuildTransferFunctionScriptingTraits (0ms)
			SetupTypeCache (423ms)
			ReleaseScriptCaches (1ms)
			RebuildScriptCaches (67ms)
			SetupLoadedEditorAssemblies (596ms)
				LogAssemblyErrors (0ms)
				InitializePlatformSupportModulesInManaged (9ms)
				SetLoadedEditorAssemblies (1ms)
				RefreshPlugins (1ms)
				BeforeProcessingInitializeOnLoad (90ms)
				ProcessInitializeOnLoadAttributes (440ms)
				ProcessInitializeOnLoadMethodAttributes (48ms)
				AfterProcessingInitializeOnLoad (5ms)
				EditorAssembliesLoaded (0ms)
			ExecutionOrderSort2 (0ms)
			AwakeInstancesAfterBackupRestoration (7ms)
Platform modules already initialized, skipping
Refreshing native plugins compatible for Editor in 0,75 ms, found 0 plugins.
Preloading 0 native plugins for Editor in 0,00 ms.
Unloading 1579 Unused Serialized files (Serialized files now loaded: 0)
System memory in use before: 69,7 MB.
System memory in use after: 69,8 MB.

Unloading 11 unused Assets to reduce memory usage. Loaded Objects now: 2098.
Total: 8,030190 ms (FindLiveObjects: 0,210705 ms CreateObjectMapping: 0,070602 ms MarkObjects: 7,696214 ms  DeleteObjects: 0,051135 ms)

AssetImportParameters requested are different than current active one (requested -> active):
  custom:video-decoder-ogg-theora: a1e56fd34408186e4bbccfd4996cb3dc -> 
  custom:container-muxer-webm: aa71ff27fc2769a1b78a27578f13a17b -> 
  custom:container-demuxer-webm: 4f35f7cbe854078d1ac9338744f61a02 -> 
  custom:container-demuxer-ogg: 62fdf1f143b41e24485cea50d1cbac27 -> 
  custom:video-encoder-webm-vp8: eb34c28f22e8b96e1ab97ce403110664 -> 
  custom:video-decoder-webm-vp8: 9c59270c3fd7afecdb556c50c9e8de78 -> 
  custom:audio-decoder-ogg-vorbis: bf7c407c2cedff20999df2af8eb42d56 -> 
  custom:audio-encoder-webm-vorbis: bf7c407c2cedff20999df2af8eb42d56 -> 
========================================================================
Received Prepare
Registering precompiled user dll's ...
Registered in 0,003633 seconds.
Begin MonoManager ReloadAssembly
Native extension for LinuxStandalone target not found
Native extension for WindowsStandalone target not found
Native extension for OSXStandalone target not found
Native extension for WebGL target not found
Refreshing native plugins compatible for Editor in 0,45 ms, found 0 plugins.
Preloading 0 native plugins for Editor in 0,00 ms.
Loading style catalogs (6)
	StyleSheets/Extensions/base/common.uss
	UIPackageResources/StyleSheets/Default/Variables/Public/common.uss
	StyleSheets/Northstar/common.uss
	StyleSheets/Extensions/fonts/inter.uss
	StyleSheets/Extensions/base/dark.uss
	UIPackageResources/StyleSheets/Default/Northstar/Palette/dark.uss
Mono: successfully reloaded assembly
- Completed reload, in  1,541 seconds
Domain Reload Profiling:
	ReloadAssembly (1541ms)
		BeginReloadAssembly (155ms)
			ExecutionOrderSort (0ms)
			DisableScriptedObjects (6ms)
			BackupInstance (0ms)
			ReleaseScriptingObjects (0ms)
			CreateAndSetChildDomain (58ms)
		EndReloadAssembly (1299ms)
			LoadAssemblies (120ms)
			RebuildTransferFunctionScriptingTraits (0ms)
			SetupTypeCache (396ms)
			ReleaseScriptCaches (1ms)
			RebuildScriptCaches (64ms)
			SetupLoadedEditorAssemblies (555ms)
				LogAssemblyErrors (0ms)
				InitializePlatformSupportModulesInManaged (10ms)
				SetLoadedEditorAssemblies (1ms)
				RefreshPlugins (0ms)
				BeforeProcessingInitializeOnLoad (84ms)
				ProcessInitializeOnLoadAttributes (409ms)
				ProcessInitializeOnLoadMethodAttributes (45ms)
				AfterProcessingInitializeOnLoad (5ms)
				EditorAssembliesLoaded (0ms)
			ExecutionOrderSort2 (0ms)
			AwakeInstancesAfterBackupRestoration (7ms)
Platform modules already initialized, skipping
Refreshing native plugins compatible for Editor in 0,45 ms, found 0 plugins.
Preloading 0 native plugins for Editor in 0,00 ms.
Unloading 1579 Unused Serialized files (Serialized files now loaded: 0)
System memory in use before: 69,8 MB.
System memory in use after: 69,8 MB.

Unloading 11 unused Assets to reduce memory usage. Loaded Objects now: 2101.
Total: 7,543797 ms (FindLiveObjects: 0,155942 ms CreateObjectMapping: 0,073278 ms MarkObjects: 7,255597 ms  DeleteObjects: 0,057648 ms)

AssetImportParameters requested are different than current active one (requested -> active):
  custom:video-decoder-ogg-theora: a1e56fd34408186e4bbccfd4996cb3dc -> 
  custom:container-muxer-webm: aa71ff27fc2769a1b78a27578f13a17b -> 
  custom:container-demuxer-webm: 4f35f7cbe854078d1ac9338744f61a02 -> 
  custom:container-demuxer-ogg: 62fdf1f143b41e24485cea50d1cbac27 -> 
  custom:video-encoder-webm-vp8: eb34c28f22e8b96e1ab97ce403110664 -> 
  custom:video-decoder-webm-vp8: 9c59270c3fd7afecdb556c50c9e8de78 -> 
  custom:audio-decoder-ogg-vorbis: bf7c407c2cedff20999df2af8eb42d56 -> 
  custom:audio-encoder-webm-vorbis: bf7c407c2cedff20999df2af8eb42d56 -> 
========================================================================
Received Prepare
Registering precompiled user dll's ...
Registered in 0,003291 seconds.
Begin MonoManager ReloadAssembly
Native extension for LinuxStandalone target not found
Native extension for WindowsStandalone target not found
Native extension for OSXStandalone target not found
Native extension for WebGL target not found
Refreshing native plugins compatible for Editor in 0,40 ms, found 0 plugins.
Preloading 0 native plugins for Editor in 0,00 ms.
Loading style catalogs (6)
	StyleSheets/Extensions/base/common.uss
	UIPackageResources/StyleSheets/Default/Variables/Public/common.uss
	StyleSheets/Northstar/common.uss
	StyleSheets/Extensions/fonts/inter.uss
	StyleSheets/Extensions/base/dark.uss
	UIPackageResources/StyleSheets/Default/Northstar/Palette/dark.uss
Mono: successfully reloaded assembly
- Completed reload, in  1,368 seconds
Domain Reload Profiling:
	ReloadAssembly (1368ms)
		BeginReloadAssembly (128ms)
			ExecutionOrderSort (0ms)
			DisableScriptedObjects (6ms)
			BackupInstance (0ms)
			ReleaseScriptingObjects (0ms)
			CreateAndSetChildDomain (41ms)
		EndReloadAssembly (1165ms)
			LoadAssemblies (103ms)
			RebuildTransferFunctionScriptingTraits (0ms)
			SetupTypeCache (339ms)
			ReleaseScriptCaches (1ms)
			RebuildScriptCaches (54ms)
			SetupLoadedEditorAssemblies (515ms)
				LogAssemblyErrors (0ms)
				InitializePlatformSupportModulesInManaged (8ms)
				SetLoadedEditorAssemblies (1ms)
				RefreshPlugins (0ms)
				BeforeProcessingInitializeOnLoad (75ms)
				ProcessInitializeOnLoadAttributes (382ms)
				ProcessInitializeOnLoadMethodAttributes (44ms)
				AfterProcessingInitializeOnLoad (5ms)
				EditorAssembliesLoaded (0ms)
			ExecutionOrderSort2 (0ms)
			AwakeInstancesAfterBackupRestoration (6ms)
Platform modules already initialized, skipping
Refreshing native plugins compatible for Editor in 0,43 ms, found 0 plugins.
Preloading 0 native plugins for Editor in 0,00 ms.
Unloading 1579 Unused Serialized files (Serialized files now loaded: 0)
System memory in use before: 69,8 MB.
System memory in use after: 69,9 MB.

Unloading 11 unused Assets to reduce memory usage. Loaded Objects now: 2104.
Total: 6,772821 ms (FindLiveObjects: 0,155993 ms CreateObjectMapping: 0,060714 ms MarkObjects: 6,507995 ms  DeleteObjects: 0,047329 ms)

AssetImportParameters requested are different than current active one (requested -> active):
  custom:video-decoder-ogg-theora: a1e56fd34408186e4bbccfd4996cb3dc -> 
  custom:container-muxer-webm: aa71ff27fc2769a1b78a27578f13a17b -> 
  custom:container-demuxer-webm: 4f35f7cbe854078d1ac9338744f61a02 -> 
  custom:container-demuxer-ogg: 62fdf1f143b41e24485cea50d1cbac27 -> 
  custom:video-encoder-webm-vp8: eb34c28f22e8b96e1ab97ce403110664 -> 
  custom:video-decoder-webm-vp8: 9c59270c3fd7afecdb556c50c9e8de78 -> 
  custom:audio-decoder-ogg-vorbis: bf7c407c2cedff20999df2af8eb42d56 -> 
  custom:audio-encoder-webm-vorbis: bf7c407c2cedff20999df2af8eb42d56 -> 
========================================================================
Received Prepare
Registering precompiled user dll's ...
Registered in 0,003475 seconds.
Begin MonoManager ReloadAssembly
Native extension for LinuxStandalone target not found
Native extension for WindowsStandalone target not found
Native extension for OSXStandalone target not found
Native extension for WebGL target not found
Refreshing native plugins compatible for Editor in 0,44 ms, found 0 plugins.
Preloading 0 native plugins for Editor in 0,00 ms.
Loading style catalogs (6)
	StyleSheets/Extensions/base/common.uss
	UIPackageResources/StyleSheets/Default/Variables/Public/common.uss
	StyleSheets/Northstar/common.uss
	StyleSheets/Extensions/fonts/inter.uss
	StyleSheets/Extensions/base/dark.uss
	UIPackageResources/StyleSheets/Default/Northstar/Palette/dark.uss
Mono: successfully reloaded assembly
- Completed reload, in  1,490 seconds
Domain Reload Profiling:
	ReloadAssembly (1491ms)
		BeginReloadAssembly (153ms)
			ExecutionOrderSort (0ms)
			DisableScriptedObjects (6ms)
			BackupInstance (0ms)
			ReleaseScriptingObjects (0ms)
			CreateAndSetChildDomain (62ms)
		EndReloadAssembly (1255ms)
			LoadAssemblies (112ms)
			RebuildTransferFunctionScriptingTraits (0ms)
			SetupTypeCache (368ms)
			ReleaseScriptCaches (1ms)
			RebuildScriptCaches (59ms)
			SetupLoadedEditorAssemblies (557ms)
				LogAssemblyErrors (0ms)
				InitializePlatformSupportModulesInManaged (8ms)
				SetLoadedEditorAssemblies (1ms)
				RefreshPlugins (0ms)
				BeforeProcessingInitializeOnLoad (81ms)
				ProcessInitializeOnLoadAttributes (414ms)
				ProcessInitializeOnLoadMethodAttributes (47ms)
				AfterProcessingInitializeOnLoad (5ms)
				EditorAssembliesLoaded (0ms)
			ExecutionOrderSort2 (0ms)
			AwakeInstancesAfterBackupRestoration (7ms)
Platform modules already initialized, skipping
Refreshing native plugins compatible for Editor in 0,40 ms, found 0 plugins.
Preloading 0 native plugins for Editor in 0,00 ms.
Unloading 1579 Unused Serialized files (Serialized files now loaded: 0)
System memory in use before: 69,8 MB.
System memory in use after: 69,9 MB.

Unloading 11 unused Assets to reduce memory usage. Loaded Objects now: 2107.
Total: 7,393466 ms (FindLiveObjects: 0,200105 ms CreateObjectMapping: 0,077686 ms MarkObjects: 7,034042 ms  DeleteObjects: 0,079719 ms)

AssetImportParameters requested are different than current active one (requested -> active):
  custom:video-decoder-ogg-theora: a1e56fd34408186e4bbccfd4996cb3dc -> 
  custom:container-muxer-webm: aa71ff27fc2769a1b78a27578f13a17b -> 
  custom:container-demuxer-webm: 4f35f7cbe854078d1ac9338744f61a02 -> 
  custom:container-demuxer-ogg: 62fdf1f143b41e24485cea50d1cbac27 -> 
  custom:video-encoder-webm-vp8: eb34c28f22e8b96e1ab97ce403110664 -> 
  custom:video-decoder-webm-vp8: 9c59270c3fd7afecdb556c50c9e8de78 -> 
  custom:audio-decoder-ogg-vorbis: bf7c407c2cedff20999df2af8eb42d56 -> 
  custom:audio-encoder-webm-vorbis: bf7c407c2cedff20999df2af8eb42d56 -> 
========================================================================
Received Prepare
Registering precompiled user dll's ...
Registered in 0,003550 seconds.
Begin MonoManager ReloadAssembly
Native extension for LinuxStandalone target not found
Native extension for WindowsStandalone target not found
Native extension for OSXStandalone target not found
Native extension for WebGL target not found
Refreshing native plugins compatible for Editor in 0,43 ms, found 0 plugins.
Preloading 0 native plugins for Editor in 0,00 ms.
Loading style catalogs (6)
	StyleSheets/Extensions/base/common.uss
	UIPackageResources/StyleSheets/Default/Variables/Public/common.uss
	StyleSheets/Northstar/common.uss
	StyleSheets/Extensions/fonts/inter.uss
	StyleSheets/Extensions/base/dark.uss
	UIPackageResources/StyleSheets/Default/Northstar/Palette/dark.uss
Mono: successfully reloaded assembly
- Completed reload, in  1,508 seconds
Domain Reload Profiling:
	ReloadAssembly (1509ms)
		BeginReloadAssembly (139ms)
			ExecutionOrderSort (0ms)
			DisableScriptedObjects (7ms)
			BackupInstance (0ms)
			ReleaseScriptingObjects (0ms)
			CreateAndSetChildDomain (43ms)
		EndReloadAssembly (1284ms)
			LoadAssemblies (118ms)
			RebuildTransferFunctionScriptingTraits (0ms)
			SetupTypeCache (378ms)
			ReleaseScriptCaches (1ms)
			RebuildScriptCaches (60ms)
			SetupLoadedEditorAssemblies (568ms)
				LogAssemblyErrors (0ms)
				InitializePlatformSupportModulesInManaged (8ms)
				SetLoadedEditorAssemblies (1ms)
				RefreshPlugins (0ms)
				BeforeProcessingInitializeOnLoad (83ms)
				ProcessInitializeOnLoadAttributes (421ms)
				ProcessInitializeOnLoadMethodAttributes (49ms)
				AfterProcessingInitializeOnLoad (5ms)
				EditorAssembliesLoaded (0ms)
			ExecutionOrderSort2 (0ms)
			AwakeInstancesAfterBackupRestoration (7ms)
Platform modules already initialized, skipping
Refreshing native plugins compatible for Editor in 0,45 ms, found 0 plugins.
Preloading 0 native plugins for Editor in 0,00 ms.
Unloading 1579 Unused Serialized files (Serialized files now loaded: 0)
System memory in use before: 69,8 MB.
System memory in use after: 69,9 MB.

Unloading 11 unused Assets to reduce memory usage. Loaded Objects now: 2110.
Total: 7,549679 ms (FindLiveObjects: 0,212268 ms CreateObjectMapping: 0,070612 ms MarkObjects: 7,214650 ms  DeleteObjects: 0,050856 ms)

AssetImportParameters requested are different than current active one (requested -> active):
  custom:video-decoder-ogg-theora: a1e56fd34408186e4bbccfd4996cb3dc -> 
  custom:container-muxer-webm: aa71ff27fc2769a1b78a27578f13a17b -> 
  custom:container-demuxer-webm: 4f35f7cbe854078d1ac9338744f61a02 -> 
  custom:container-demuxer-ogg: 62fdf1f143b41e24485cea50d1cbac27 -> 
  custom:video-encoder-webm-vp8: eb34c28f22e8b96e1ab97ce403110664 -> 
  custom:video-decoder-webm-vp8: 9c59270c3fd7afecdb556c50c9e8de78 -> 
  custom:audio-decoder-ogg-vorbis: bf7c407c2cedff20999df2af8eb42d56 -> 
  custom:audio-encoder-webm-vorbis: bf7c407c2cedff20999df2af8eb42d56 -> 
========================================================================
Received Prepare
Registering precompiled user dll's ...
Registered in 0,003256 seconds.
Begin MonoManager ReloadAssembly
Native extension for LinuxStandalone target not found
Native extension for WindowsStandalone target not found
Native extension for OSXStandalone target not found
Native extension for WebGL target not found
Refreshing native plugins compatible for Editor in 0,44 ms, found 0 plugins.
Preloading 0 native plugins for Editor in 0,00 ms.
Loading style catalogs (6)
	StyleSheets/Extensions/base/common.uss
	UIPackageResources/StyleSheets/Default/Variables/Public/common.uss
	StyleSheets/Northstar/common.uss
	StyleSheets/Extensions/fonts/inter.uss
	StyleSheets/Extensions/base/dark.uss
	UIPackageResources/StyleSheets/Default/Northstar/Palette/dark.uss
Mono: successfully reloaded assembly
- Completed reload, in  1,480 seconds
Domain Reload Profiling:
	ReloadAssembly (1481ms)
		BeginReloadAssembly (137ms)
			ExecutionOrderSort (0ms)
			DisableScriptedObjects (6ms)
			BackupInstance (0ms)
			ReleaseScriptingObjects (0ms)
			CreateAndSetChildDomain (45ms)
		EndReloadAssembly (1261ms)
			LoadAssemblies (113ms)
			RebuildTransferFunctionScriptingTraits (0ms)
			SetupTypeCache (368ms)
			ReleaseScriptCaches (1ms)
			RebuildScriptCaches (58ms)
			SetupLoadedEditorAssemblies (569ms)
				LogAssemblyErrors (0ms)
				InitializePlatformSupportModulesInManaged (9ms)
				SetLoadedEditorAssemblies (1ms)
				RefreshPlugins (0ms)
				BeforeProcessingInitializeOnLoad (79ms)
				ProcessInitializeOnLoadAttributes (412ms)
				ProcessInitializeOnLoadMethodAttributes (61ms)
				AfterProcessingInitializeOnLoad (5ms)
				EditorAssembliesLoaded (0ms)
			ExecutionOrderSort2 (0ms)
			AwakeInstancesAfterBackupRestoration (6ms)
Platform modules already initialized, skipping
Refreshing native plugins compatible for Editor in 0,43 ms, found 0 plugins.
Preloading 0 native plugins for Editor in 0,00 ms.
Unloading 1579 Unused Serialized files (Serialized files now loaded: 0)
System memory in use before: 69,8 MB.
System memory in use after: 69,9 MB.

Unloading 11 unused Assets to reduce memory usage. Loaded Objects now: 2113.
Total: 7,286144 ms (FindLiveObjects: 0,159720 ms CreateObjectMapping: 0,071403 ms MarkObjects: 7,003183 ms  DeleteObjects: 0,051045 ms)

AssetImportParameters requested are different than current active one (requested -> active):
  custom:video-decoder-ogg-theora: a1e56fd34408186e4bbccfd4996cb3dc -> 
  custom:container-muxer-webm: aa71ff27fc2769a1b78a27578f13a17b -> 
  custom:container-demuxer-webm: 4f35f7cbe854078d1ac9338744f61a02 -> 
  custom:container-demuxer-ogg: 62fdf1f143b41e24485cea50d1cbac27 -> 
  custom:video-encoder-webm-vp8: eb34c28f22e8b96e1ab97ce403110664 -> 
  custom:video-decoder-webm-vp8: 9c59270c3fd7afecdb556c50c9e8de78 -> 
  custom:audio-decoder-ogg-vorbis: bf7c407c2cedff20999df2af8eb42d56 -> 
  custom:audio-encoder-webm-vorbis: bf7c407c2cedff20999df2af8eb42d56 -> 
========================================================================
Received Import Request.
  Time since last request: 16563,595997 seconds.
  path: Assets/Products/Prefabs/Полки/WallPolki
  artifactKey: Guid(a678a19cb13e4eccca7d854f82da3f68) Importer(815301076,1909f56bfc062723c751e8b465ee728b)
Start importing Assets/Products/Prefabs/Полки/WallPolki using Guid(a678a19cb13e4eccca7d854f82da3f68) Importer(815301076,1909f56bfc062723c751e8b465ee728b)  -> (artifact id: '7b9ae094f17b8da5150b035b42591776') in 0,005231 seconds 
AssetImportWorkerClient::OnTransportError - code=2 error=End of file
